{"C:\\Users\\I508889\\Desktop\\test-sonar\\my-app\\src\\App.tsx": {"path":"C:\\Users\\I508889\\Desktop\\test-sonar\\my-app\\src\\App.tsx","statementMap":{"0":{"start":{"line":5,"column":32},"end":{"line":7,"column":1}},"1":{"start":{"line":6,"column":2},"end":{"line":6,"column":19}},"2":{"start":{"line":9,"column":22},"end":{"line":28,"column":1}},"3":{"start":{"line":10,"column":2},"end":{"line":27,"column":4}}},"fnMap":{"0":{"name":"(anonymous_0)","decl":{"start":{"line":5,"column":32},"end":{"line":5,"column":33}},"loc":{"start":{"line":5,"column":38},"end":{"line":7,"column":1}},"line":5},"1":{"name":"(anonymous_1)","decl":{"start":{"line":9,"column":22},"end":{"line":9,"column":23}},"loc":{"start":{"line":9,"column":28},"end":{"line":28,"column":1}},"line":9}},"branchMap":{},"s":{"0":2,"1":1,"2":2,"3":1},"f":{"0":1,"1":1},"b":{},"_coverageSchema":"43e27e138ebf9cfc5966b082cf9a028302ed4184","hash":"2f7baa911ccf41ef12699cb071f19a0ade1c3714"}
,"C:\\Users\\I508889\\Desktop\\test-sonar\\my-app\\src\\index.tsx": {"path":"C:\\Users\\I508889\\Desktop\\test-sonar\\my-app\\src\\index.tsx","statementMap":{"0":{"start":{"line":9,"column":0},"end":{"line":9,"column":58}},"1":{"start":{"line":14,"column":0},"end":{"line":14,"column":27}}},"fnMap":{},"branchMap":{},"s":{"0":0,"1":0},"f":{},"b":{},"hash":"bc2ef964dc59d8fc788a0d9ea54d39836eb906a3"}
}
